<?xml version="1.1" encoding="UTF-8" standalone="no"?>
<databaseChangeLog xmlns="http://www.liquibase.org/xml/ns/dbchangelog"
                   xmlns:xsi="http://www.w3.org/2001/XMLSchema-instance"
                   xsi:schemaLocation="http://www.liquibase.org/xml/ns/dbchangelog http://www.liquibase.org/xml/ns/dbchangelog/dbchangelog-3.5.xsd">

    <changeSet author="R3.Corda" id="test-migrations-v1.0">
        <createTable tableName="test_table">
            <column name="id" type="INT">
                <constraints nullable="false"/>
            </column>
            <column name="name" type="VARCHAR(255)"/>
        </createTable>
        <addPrimaryKey columnNames="id" constraintName="test_table_id" tableName="test_table"/>
    </changeSet>
</databaseChangeLog>